Build started 8/20/2017 1:47:00 AM.
     1>Project "C:\Users\Brock\Desktop\sampleCodeC++\Cards\Assignment3\Assignment3.vcxproj" on node 2 (Build target(s)).
     1>ClCompile:
         C:\Program Files (x86)\Microsoft Visual Studio 12.0\VC\bin\CL.exe /c /ZI /nologo /W3 /WX- /Od /Oy- /D WIN32 /D _DEBUG /D _CONSOLE /D _LIB /D _UNICODE /D UNICODE /Gm /EHsc /RTC1 /MDd /GS /fp:precise /Zc:wchar_t /Zc:forScope /Fo"Debug\\" /Fd"Debug\vc120.pdb" /Gd /TP /analyze- /errorReport:prompt Assignment3.cpp Cards.cpp Deck.cpp Hand.cpp PlayingCard.cpp stdafx.cpp
         stdafx.cpp
         PlayingCard.cpp
         Hand.cpp
         Deck.cpp
         Cards.cpp
         Assignment3.cpp
         Generating Code...
       Link:
         C:\Program Files (x86)\Microsoft Visual Studio 12.0\VC\bin\link.exe /ERRORREPORT:PROMPT /OUT:"C:\Users\Brock\Desktop\sampleCodeC++\Cards\Debug\Assignment3.exe" /INCREMENTAL /NOLOGO kernel32.lib user32.lib gdi32.lib winspool.lib comdlg32.lib advapi32.lib shell32.lib ole32.lib oleaut32.lib uuid.lib odbc32.lib odbccp32.lib /MANIFEST /MANIFESTUAC:"level='asInvoker' uiAccess='false'" /manifest:embed /DEBUG /PDB:"C:\Users\Brock\Desktop\sampleCodeC++\Cards\Debug\Assignment3.pdb" /SUBSYSTEM:CONSOLE /TLBID:1 /DYNAMICBASE /NXCOMPAT /IMPLIB:"C:\Users\Brock\Desktop\sampleCodeC++\Cards\Debug\Assignment3.lib" /MACHINE:X86 Debug\Assignment3.obj
         Debug\Cards.obj
         Debug\Deck.obj
         Debug\Hand.obj
         Debug\PlayingCard.obj
         Debug\stdafx.obj
         Assignment3.vcxproj -> C:\Users\Brock\Desktop\sampleCodeC++\Cards\Debug\Assignment3.exe
     1>Done Building Project "C:\Users\Brock\Desktop\sampleCodeC++\Cards\Assignment3\Assignment3.vcxproj" (Build target(s)).

Build succeeded.

Time Elapsed 00:00:02.23
